CLK = 0
addr.sp = 4096
bus.mx1 = 256
bus.notfcbus = true
bus.notrdbus = highZ
bus.notwrbus = highZ
bus.notemar = true
bus.dbus = highZ
bus.abus = highZ
bus.rdbus = highZ
bus.wrbus = highZ
bus.fcbus = highZ
exec2.start = true
exec3.z_and = true
exec4.neql = true
exec4.grte = true
exec4.grt = true
exec4.grtu = true
exec4.grteu = true
exec4.novf = true
exec4.nneg = true
exec4.mx7 = true
fetch1.pc = 256
fetch1.pc15_8 = 1
fetch1.ir0 = true
fetch1.ir1 = true
fetch1.ir2 = true
fetch1.ir3 = true
fetch1.ir4 = true
fetch1.ir5 = true
fetch1.ir6 = true
fetch1.ir7 = true
fetch1.ir8 = true
fetch1.ir9 = true
fetch1.ir10 = true
fetch1.ir11 = true
fetch1.ir12 = true
fetch1.ir13 = true
fetch1.ir14 = true
fetch1.ir15 = true
fetch1.ir16 = true
fetch1.ir17 = true
fetch1.ir18 = true
fetch1.ir19 = true
fetch1.ir20 = true
fetch1.ir21 = true
fetch1.ir22 = true
fetch1.ir23 = true
fetch1.ir24 = true
fetch1.ir25 = true
fetch1.ir26 = true
fetch1.ir27 = true
fetch1.ir28 = true
fetch1.ir29 = true
fetch1.ir30 = true
fetch1.ir_bool = true
fetch2.g1 = true
fetch2.imm = true
fetch3.gropr = true
intr1.imr = 15
intr1.imr0 = true
intr1.imr1 = true
intr1.imr2 = true
intr1.imr3 = true
intr1.imr_bool = true
intr2.cmp_eql = true
intr3.uext = 8
uprav.kmadr = 65
uprav.kmopr = 159
uprav.t0 = true
uprav.t = true
uprav.brnotstart = true
uprav.val0 = true
mem_oper.notrdbus = true
mem_oper.select_not = true
mem_oper.notwrbus = true
mem_oper.fcbus = highZ
mem_uprav.time = 4
mem_uprav.cmp_les = true
exec2.NOT0 = true
exec2.NOT1 = true
exec2.NOT2 = true
exec2.NOT3 = true
exec2.NOT4 = true
exec2.NOT5 = true
exec2.NOT6 = true
exec2.NOT7 = true
exec2.NOT8 = true
exec2.NOT9 = true
exec2.NOT10 = true
exec2.NOT11 = true
exec2.NOT12 = true
exec2.NOT13 = true
exec2.NOT14 = true
exec2.NOT15 = true
exec3.NOT16 = true
exec3.NOT17 = true
exec3.NOT18 = true
exec3.NOT19 = true
exec3.NOT20 = true
exec3.NOT21 = true
exec3.NOT22 = true
exec3.NOT23 = true
exec3.NOT24 = true
exec3.NOT25 = true
exec3.NOT26 = true
exec3.NOT27 = true
exec3.NOT28 = true
exec3.NOT29 = true
exec3.NOT30 = true
exec3.NOT31 = true
exec3.NOT32 = true
intr1.NOT33 = true
uprav.NOT34 = true
uprav.NOT36 = true
uprav.NOT38 = true
uprav.NOT39 = true
uprav.NOT40 = true
uprav.NOT41 = true
uprav.NOT42 = true
uprav.NOT43 = true
uprav.NOT44 = true
uprav.NOT45 = true
mem_uprav.NOT46 = true
--------------------------------
CLK = 1
uprav.cnt = 1
uprav.cnt0 = true
uprav.cnt_bool = true
uprav.t0 = false
uprav.t1 = true
uprav.t = false
uprav.ldmar = true
uprav.incpc = true
uprav.brnotstart = false
uprav.val0 = false
--------------------------------
CLK = 2
bus.mx1 = 257
bus.mar = 256
fetch1.pc = 257
fetch1.pc7_0 = 1
uprav.kmbr = 2
uprav.mp = 2
uprav.cnt = 2
uprav.cnt0 = false
uprav.cnt1 = true
uprav.cnt_bool = false
uprav.t1 = false
uprav.t2 = true
uprav.ldmar = false
uprav.incpc = false
uprav.brhack = true
uprav.val2 = true
--------------------------------
CLK = 3
bus.mar_out = 256
bus.notrdbus = false
bus.onerdbus = true
bus.notemar = false
bus.abus = 256
bus.abus8 = true
bus.rdbus = false
uprav.kmbr = 3
uprav.mp = 3
uprav.cnt = 3
uprav.cnt0 = true
uprav.cnt_bool = true
uprav.cnt_or = true
uprav.t2 = false
uprav.t3 = true
uprav.emar = true
uprav.rdcpu = true
uprav.brcnd_and2 = true
uprav.brcnd = true
uprav.brhack = false
uprav.brnotfccpu = true
uprav.val2 = false
uprav.val3 = true
mem_oper.notrdbus = false
mem_oper.notrdbus_not = true
mem_oper.rdmem = true
mem_uprav.memacc_or = true
mem_uprav.incmemacc = true
uprav.NOT34 = false
--------------------------------
CLK = 4
mem_oper.mem = 33
mem_uprav.memacc = 1
--------------------------------
CLK = 5
mem_uprav.memacc = 2
--------------------------------
CLK = 6
mem_uprav.memacc = 3
--------------------------------
CLK = 7
bus.mx2 = 33
bus.ldmdr = true
bus.mdrin = true
bus.fccpu = true
bus.notfcbus = false
bus.dbus = 33
bus.fcbus = false
uprav.cnt_or = false
uprav.brcnd_and2 = false
uprav.brcnd = false
mem_oper.fcbus_one = true
mem_oper.fcbus = false
mem_oper.mem_out = 33
mem_uprav.incmemacc = false
mem_uprav.memacc = 4
mem_uprav.fcmem = true
mem_uprav.cmp_les = false
mem_uprav.memout = true
uprav.NOT34 = true
uprav.NOT36 = false
mem_uprav.NOT46 = false
--------------------------------
CLK = 8
addr.mdr_to_gprar = 1
bus.mx2 = 0
bus.mdr = 33
bus.mdr0 = true
bus.mdr5 = true
bus.mdr_bool = true
bus.ldmdr = false
bus.mdrin = false
bus.fccpu = false
bus.notfcbus = true
bus.mar_out = highZ
bus.notrdbus = highZ
bus.onerdbus = highZ
bus.notemar = true
bus.dbus = highZ
bus.abus = highZ
bus.abus8 = false
bus.rdbus = highZ
bus.fcbus = highZ
uprav.kmbr = 0
uprav.mp = 0
uprav.cnt = 4
uprav.cnt0 = false
uprav.cnt1 = false
uprav.cnt2 = true
uprav.cnt_bool = false
uprav.t3 = false
uprav.t4 = true
uprav.emar = false
uprav.rdcpu = false
uprav.ldir0 = true
uprav.brnotfccpu = false
uprav.val3 = false
mem_oper.notrdbus = true
mem_oper.notrdbus_not = false
mem_oper.rdmem = false
mem_oper.fcbus_one = highZ
mem_oper.fcbus = highZ
mem_oper.mem_out = highZ
mem_uprav.memacc_or = false
mem_uprav.memacc = 0
mem_uprav.fcmem = false
mem_uprav.cmp_les = true
mem_uprav.memout = false
exec2.NOT2 = false
exec2.NOT12 = false
uprav.NOT36 = true
mem_uprav.NOT46 = true
--------------------------------
CLK = 9
exec4.mx8 = true
exec4.brpom = true
fetch1.ir31_24 = 33
fetch1.ir = 553648128
fetch1.ir0 = false
fetch1.ir1 = false
fetch1.ir2 = false
fetch1.ir3 = false
fetch1.ir4 = false
fetch1.ir5 = false
fetch1.ir6 = false
fetch1.ir7 = false
fetch1.ir8 = false
fetch1.ir9 = false
fetch1.ir10 = false
fetch1.ir11 = false
fetch1.ir12 = false
fetch1.ir13 = false
fetch1.ir14 = false
fetch1.ir15 = false
fetch1.ir16 = false
fetch1.ir17 = false
fetch1.ir18 = false
fetch1.ir19 = false
fetch1.ir20 = false
fetch1.ir21 = false
fetch1.ir22 = false
fetch1.ir23 = false
fetch1.ir25 = false
fetch1.ir26 = false
fetch1.ir27 = false
fetch1.ir28 = false
fetch1.ir30 = false
fetch1.ir_bool = false
fetch2.g0 = true
fetch2.g1 = false
fetch2.dc1 = true
fetch2.g0_pg4 = true
fetch2.ldw = true
fetch2.regdir = true
fetch2.imm = false
fetch2.dc11 = true
fetch3.gropr = false
fetch3.l2_arlog = true
fetch3.l2_arlog_or0 = true
fetch3.l2_arlog_or1 = true
uprav.kmadr = 33
uprav.kmopr = 89
uprav.kmbr = 7
uprav.mp = 7
uprav.cnt = 5
uprav.cnt0 = true
uprav.cnt_bool = true
uprav.cnt_or = true
uprav.t4 = false
uprav.t5 = true
uprav.ldir0 = false
uprav.brcnd_and3 = true
uprav.brcnd = true
uprav.brnotgropr = true
uprav.val7 = true
uprav.NOT34 = false
uprav.NOT37 = true
uprav.NOT39 = false
--------------------------------
CLK = 10
uprav.kmbr = 80
uprav.mp = 80
uprav.cnt = 7
uprav.cnt1 = true
uprav.cnt_or = false
uprav.t5 = false
uprav.t7 = true
uprav.brcnd_and3 = false
uprav.brcnd = false
uprav.brnotgropr = false
uprav.brl1 = true
uprav.val7 = false
uprav.val50 = true
uprav.NOT34 = true
--------------------------------
CLK = 11
uprav.kmbr = 0
uprav.mp = 0
uprav.cnt = 8
uprav.cnt0 = false
uprav.cnt1 = false
uprav.cnt2 = false
uprav.cnt3 = true
uprav.cnt_bool = false
uprav.t7 = false
uprav.t8 = true
uprav.ldmar = true
uprav.incpc = true
uprav.brl1 = false
uprav.val50 = false
--------------------------------
CLK = 12
bus.mx1 = 258
bus.mar = 257
fetch1.pc = 258
fetch1.pc7_0 = 2
uprav.kmbr = 9
uprav.mp = 9
uprav.cnt = 9
uprav.cnt0 = true
uprav.cnt_bool = true
uprav.t8 = false
uprav.t9 = true
uprav.ldmar = false
uprav.incpc = false
uprav.brhack = true
uprav.val9 = true
--------------------------------
CLK = 13
bus.mar_out = 257
bus.notrdbus = false
bus.onerdbus = true
bus.notemar = false
bus.abus = 257
bus.abus0 = true
bus.abus8 = true
bus.abus_bool = true
bus.rdbus = false
uprav.kmbr = 10
uprav.mp = 10
uprav.cnt = 10
uprav.cnt0 = false
uprav.cnt1 = true
uprav.cnt_bool = false
uprav.cnt_or = true
uprav.t9 = false
uprav.tA = true
uprav.emar = true
uprav.rdcpu = true
uprav.brcnd_and2 = true
uprav.brcnd = true
uprav.brhack = false
uprav.brnotfccpu = true
uprav.val9 = false
uprav.valA = true
mem_oper.notrdbus = false
mem_oper.notrdbus_not = true
mem_oper.rdmem = true
mem_uprav.memacc_or = true
mem_uprav.incmemacc = true
uprav.NOT34 = false
--------------------------------
CLK = 14
mem_oper.mem = 224
mem_uprav.memacc = 1
--------------------------------
CLK = 15
mem_uprav.memacc = 2
--------------------------------
CLK = 16
mem_uprav.memacc = 3
--------------------------------
CLK = 17
bus.mx2 = 224
bus.ldmdr = true
bus.mdrin = true
bus.fccpu = true
bus.notfcbus = false
bus.dbus = 224
bus.fcbus = false
uprav.cnt_or = false
uprav.brcnd_and2 = false
uprav.brcnd = false
mem_oper.fcbus_one = true
mem_oper.fcbus = false
mem_oper.mem_out = 224
mem_uprav.incmemacc = false
mem_uprav.memacc = 4
mem_uprav.fcmem = true
mem_uprav.cmp_les = false
mem_uprav.memout = true
uprav.NOT34 = true
uprav.NOT36 = false
mem_uprav.NOT46 = false
--------------------------------
CLK = 18
addr.mdr_to_gprar = 0
bus.mx2 = 0
bus.mdr = 224
bus.mdr0 = false
bus.mdr6 = true
bus.mdr7 = true
bus.mdr_bool = false
bus.ldmdr = false
bus.mdrin = false
bus.fccpu = false
bus.notfcbus = true
bus.mar_out = highZ
bus.notrdbus = highZ
bus.onerdbus = highZ
bus.notemar = true
bus.dbus = highZ
bus.abus = highZ
bus.abus0 = false
bus.abus8 = false
bus.abus_bool = false
bus.rdbus = highZ
bus.fcbus = highZ
uprav.cnt = 11
uprav.cnt0 = true
uprav.cnt_bool = true
uprav.tA = false
uprav.tB = true
uprav.emar = false
uprav.rdcpu = false
uprav.ldir1 = true
uprav.ldgprar = true
uprav.brnotfccpu = false
uprav.valA = false
mem_oper.notrdbus = true
mem_oper.notrdbus_not = false
mem_oper.rdmem = false
mem_oper.fcbus_one = highZ
mem_oper.fcbus = highZ
mem_oper.mem_out = highZ
mem_uprav.memacc_or = false
mem_uprav.memacc = 0
mem_uprav.fcmem = false
mem_uprav.cmp_les = true
mem_uprav.memout = false
exec2.NOT0 = false
exec2.NOT1 = false
exec2.NOT2 = true
exec2.NOT14 = false
uprav.NOT36 = true
mem_uprav.NOT46 = true
--------------------------------
CLK = 19
addr.ir_to_mx3 = 65504
fetch1.ir23_16 = 224
fetch1.ir = 568328192
fetch1.ir21 = true
fetch1.ir22 = true
fetch1.ir23 = true
fetch1.ir23_8 = 57344
fetch2.regdir = false
fetch2.imm = true
fetch2.dc11 = false
fetch3.l2_arlog = false
fetch3.l2_arlog_or1 = false
intr3.mx1 = 224
uprav.kmadr = 65
uprav.kmbr = 14
uprav.mp = 14
uprav.cnt = 12
uprav.cnt0 = false
uprav.cnt1 = false
uprav.cnt2 = true
uprav.cnt_bool = false
uprav.cnt_or = true
uprav.tB = false
uprav.tC = true
uprav.ldir1 = false
uprav.ldgprar = false
uprav.brcnd_and5 = true
uprav.brcnd = true
uprav.brnotgradr = true
uprav.valE = true
uprav.NOT34 = false
--------------------------------
CLK = 20
uprav.kmbr = 80
uprav.mp = 80
uprav.cnt = 14
uprav.cnt1 = true
uprav.cnt_or = false
uprav.tC = false
uprav.tE = true
uprav.brcnd_and5 = false
uprav.brcnd = false
uprav.brnotgradr = false
uprav.brl2_branch = true
uprav.valE = false
uprav.val50 = true
uprav.NOT34 = true
--------------------------------
CLK = 21
uprav.kmbr = 32
uprav.mp = 32
uprav.cnt = 15
uprav.cnt0 = true
uprav.cnt_bool = true
uprav.tE = false
uprav.tF = true
uprav.brl2_branch = false
uprav.brl2_arlog = true
uprav.val20 = true
uprav.val50 = false
--------------------------------
CLK = 22
uprav.kmbr = 0
uprav.mp = 0
uprav.cnt = 16
uprav.cnt0 = false
uprav.cnt1 = false
uprav.cnt2 = false
uprav.cnt3 = false
uprav.cnt4 = true
uprav.cnt_bool = false
uprav.tF = false
uprav.t10 = true
uprav.ldmar = true
uprav.incpc = true
uprav.brl2_arlog = false
uprav.val20 = false
--------------------------------
CLK = 23
bus.mx1 = 259
bus.mar = 258
fetch1.pc = 259
fetch1.pc7_0 = 3
uprav.kmbr = 17
uprav.mp = 17
uprav.cnt = 17
uprav.cnt0 = true
uprav.cnt_bool = true
uprav.t10 = false
uprav.t11 = true
uprav.ldmar = false
uprav.incpc = false
uprav.brhack = true
uprav.val11 = true
--------------------------------
CLK = 24
bus.mar_out = 258
bus.notrdbus = false
bus.onerdbus = true
bus.notemar = false
bus.abus = 258
bus.abus1 = true
bus.abus8 = true
bus.rdbus = false
uprav.kmbr = 18
uprav.mp = 18
uprav.cnt = 18
uprav.cnt0 = false
uprav.cnt1 = true
uprav.cnt_bool = false
uprav.cnt_or = true
uprav.t11 = false
uprav.t12 = true
uprav.emar = true
uprav.rdcpu = true
uprav.brcnd_and2 = true
uprav.brcnd = true
uprav.brhack = false
uprav.brnotfccpu = true
uprav.val11 = false
uprav.val12 = true
mem_oper.notrdbus = false
mem_oper.notrdbus_not = true
mem_oper.rdmem = true
mem_uprav.memacc_or = true
mem_uprav.incmemacc = true
uprav.NOT34 = false
--------------------------------
CLK = 25
mem_oper.mem = 4
mem_uprav.memacc = 1
--------------------------------
CLK = 26
mem_uprav.memacc = 2
--------------------------------
CLK = 27
mem_uprav.memacc = 3
--------------------------------
CLK = 28
bus.mx2 = 4
bus.ldmdr = true
bus.mdrin = true
bus.fccpu = true
bus.notfcbus = false
bus.dbus = 4
bus.fcbus = false
uprav.cnt_or = false
uprav.brcnd_and2 = false
uprav.brcnd = false
mem_oper.fcbus_one = true
mem_oper.fcbus = false
mem_oper.mem_out = 4
mem_uprav.incmemacc = false
mem_uprav.memacc = 4
mem_uprav.fcmem = true
mem_uprav.cmp_les = false
mem_uprav.memout = true
uprav.NOT34 = true
uprav.NOT36 = false
mem_uprav.NOT46 = false
--------------------------------
CLK = 29
addr.mdr_to_gprar = 4
bus.mx2 = 0
bus.mdr = 4
bus.mdr2 = true
bus.mdr5 = false
bus.mdr6 = false
bus.mdr7 = false
bus.ldmdr = false
bus.mdrin = false
bus.fccpu = false
bus.notfcbus = true
bus.mar_out = highZ
bus.notrdbus = highZ
bus.onerdbus = highZ
bus.notemar = true
bus.dbus = highZ
bus.abus = highZ
bus.abus1 = false
bus.abus8 = false
bus.rdbus = highZ
bus.fcbus = highZ
uprav.kmbr = 80
uprav.mp = 80
uprav.cnt = 19
uprav.cnt0 = true
uprav.cnt_bool = true
uprav.t12 = false
uprav.t13 = true
uprav.emar = false
uprav.rdcpu = false
uprav.ldir2 = true
uprav.brnotfccpu = false
uprav.brl3_jump = true
uprav.val12 = false
uprav.val50 = true
mem_oper.notrdbus = true
mem_oper.notrdbus_not = false
mem_oper.rdmem = false
mem_oper.fcbus_one = highZ
mem_oper.fcbus = highZ
mem_oper.mem_out = highZ
mem_uprav.memacc_or = false
mem_uprav.memacc = 0
mem_uprav.fcmem = false
mem_uprav.cmp_les = true
mem_uprav.memout = false
exec2.NOT0 = true
exec2.NOT1 = true
exec2.NOT6 = false
exec2.NOT12 = true
exec2.NOT14 = true
uprav.NOT36 = true
mem_uprav.NOT46 = true
--------------------------------
CLK = 30
fetch1.ir15_8 = 4
fetch1.ir = 568329216
fetch1.ir10 = true
fetch1.ir15_0 = 1024
fetch1.ir23_8 = 57348
uprav.kmbr = 32
uprav.mp = 32
uprav.cnt = 20
uprav.cnt0 = false
uprav.cnt1 = false
uprav.cnt2 = true
uprav.cnt_bool = false
uprav.t13 = false
uprav.t14 = true
uprav.ldir2 = false
uprav.brl3_jump = false
uprav.brl3_arlog = true
uprav.val20 = true
uprav.val50 = false
--------------------------------
CLK = 31
uprav.cnt = 21
uprav.cnt0 = true
uprav.cnt_bool = true
uprav.t14 = false
uprav.t15 = true
uprav.ldmar = true
uprav.incpc = true
uprav.brl3_arlog = false
uprav.val20 = false
--------------------------------
CLK = 32
bus.mx1 = 260
bus.mar = 259
fetch1.pc = 260
fetch1.pc7_0 = 4
uprav.kmbr = 22
uprav.mp = 22
uprav.cnt = 22
uprav.cnt0 = false
uprav.cnt1 = true
uprav.cnt_bool = false
uprav.t15 = false
uprav.t16 = true
uprav.ldmar = false
uprav.incpc = false
uprav.brhack = true
uprav.val16 = true
--------------------------------
CLK = 33
bus.mar_out = 259
bus.notrdbus = false
bus.onerdbus = true
bus.notemar = false
bus.abus = 259
bus.abus0 = true
bus.abus1 = true
bus.abus8 = true
bus.abus_bool = true
bus.rdbus = false
uprav.kmbr = 23
uprav.mp = 23
uprav.cnt = 23
uprav.cnt0 = true
uprav.cnt_bool = true
uprav.cnt_or = true
uprav.t16 = false
uprav.t17 = true
uprav.emar = true
uprav.rdcpu = true
uprav.brcnd_and2 = true
uprav.brcnd = true
uprav.brhack = false
uprav.brnotfccpu = true
uprav.val16 = false
uprav.val17 = true
mem_oper.notrdbus = false
mem_oper.notrdbus_not = true
mem_oper.rdmem = true
mem_uprav.memacc_or = true
mem_uprav.incmemacc = true
uprav.NOT34 = false
--------------------------------
CLK = 34
mem_oper.mem = 0
mem_uprav.memacc = 1
--------------------------------
CLK = 35
mem_uprav.memacc = 2
--------------------------------
CLK = 36
mem_uprav.memacc = 3
--------------------------------
CLK = 37
bus.ldmdr = true
bus.mdrin = true
bus.fccpu = true
bus.notfcbus = false
bus.dbus = 0
bus.fcbus = false
uprav.cnt_or = false
uprav.brcnd_and2 = false
uprav.brcnd = false
mem_oper.fcbus_one = true
mem_oper.fcbus = false
mem_oper.mem_out = 0
mem_uprav.incmemacc = false
mem_uprav.memacc = 4
mem_uprav.fcmem = true
mem_uprav.cmp_les = false
mem_uprav.memout = true
uprav.NOT34 = true
uprav.NOT36 = false
mem_uprav.NOT46 = false
--------------------------------
CLK = 38
addr.mdr_to_gprar = 0
bus.mdr = 0
bus.mdr2 = false
bus.ldmdr = false
bus.mdrin = false
bus.fccpu = false
bus.notfcbus = true
bus.mar_out = highZ
bus.notrdbus = highZ
bus.onerdbus = highZ
bus.notemar = true
bus.dbus = highZ
bus.abus = highZ
bus.abus0 = false
bus.abus1 = false
bus.abus8 = false
bus.abus_bool = false
bus.rdbus = highZ
bus.fcbus = highZ
uprav.kmbr = 32
uprav.mp = 32
uprav.cnt = 24
uprav.cnt0 = false
uprav.cnt1 = false
uprav.cnt2 = false
uprav.cnt3 = true
uprav.cnt_bool = false
uprav.cnt_or = true
uprav.t17 = false
uprav.t18 = true
uprav.emar = false
uprav.rdcpu = false
uprav.ldir3 = true
uprav.bruncnd = true
uprav.brnotfccpu = false
uprav.val17 = false
uprav.val20 = true
mem_oper.notrdbus = true
mem_oper.notrdbus_not = false
mem_oper.rdmem = false
mem_oper.fcbus_one = highZ
mem_oper.fcbus = highZ
mem_oper.mem_out = highZ
mem_uprav.memacc_or = false
mem_uprav.memacc = 0
mem_uprav.fcmem = false
mem_uprav.cmp_les = true
mem_uprav.memout = false
exec2.NOT6 = true
uprav.NOT34 = false
uprav.NOT36 = true
mem_uprav.NOT46 = true
--------------------------------
CLK = 39
uprav.kmbr = 0
uprav.mp = 65
uprav.cnt = 32
uprav.cnt3 = false
uprav.cnt4 = false
uprav.cnt5 = true
uprav.t18 = false
uprav.t20 = true
uprav.ldir3 = false
uprav.bradr = true
uprav.bruncnd = false
uprav.val20 = false
--------------------------------
CLK = 40
uprav.kmbr = 67
uprav.mp = 67
uprav.cnt = 65
uprav.cnt0 = true
uprav.cnt5 = false
uprav.cnt6 = true
uprav.cnt_bool = true
uprav.t20 = false
uprav.t41 = true
uprav.bradr = false
uprav.brcnd_and11 = true
uprav.brcnd = true
uprav.brldw = true
uprav.val43 = true
--------------------------------
CLK = 41
exec1.mx6 = 1024
uprav.kmbr = 80
uprav.mp = 80
uprav.cnt = 67
uprav.cnt1 = true
uprav.t41 = false
uprav.t43 = true
uprav.mxbw1 = true
uprav.ldbw = true
uprav.bruncnd = true
uprav.brcnd_and11 = false
uprav.brcnd = false
uprav.brldw = false
uprav.val43 = false
uprav.val50 = true
--------------------------------
CLK = 42
exec1.mx5 = 1024
exec1.bw = 1024
exec1.mx6 = 0
uprav.mp = 89
uprav.cnt = 80
uprav.cnt0 = false
uprav.cnt1 = false
uprav.cnt4 = true
uprav.cnt_bool = false
uprav.t43 = false
uprav.t50 = true
uprav.mxbw1 = false
uprav.ldbw = false
uprav.bropr = true
uprav.bruncnd = false
uprav.val50 = false
--------------------------------
CLK = 43
uprav.kmbr = 192
uprav.mp = 192
uprav.cnt = 89
uprav.cnt0 = true
uprav.cnt3 = true
uprav.cnt_bool = true
uprav.t50 = false
uprav.t59 = true
uprav.ldaw = true
uprav.bropr = false
uprav.bruncnd = true
uprav.valC0 = true
--------------------------------
CLK = 44
exec1.aw = 1024
exec1.aw15_8 = 4
uprav.kmbr = 0
uprav.mp = 0
uprav.cnt = 192
uprav.cnt0 = false
uprav.cnt3 = false
uprav.cnt4 = false
uprav.cnt7 = true
uprav.cnt_bool = false
uprav.t59 = false
uprav.tC0 = true
uprav.ldaw = false
uprav.bruncnd = false
uprav.brcnd_and14 = true
uprav.brcnd = true
uprav.brnotprekid = true
uprav.val0 = true
uprav.valC0 = false
--------------------------------
CLK = 45
uprav.cnt = 0
uprav.cnt6 = false
uprav.cnt7 = false
uprav.cnt_or = false
uprav.t0 = true
uprav.tC0 = false
uprav.t = true
uprav.brcnd_and14 = false
uprav.brcnd = false
uprav.brnotstart = true
uprav.brnotprekid = false
uprav.NOT34 = true
--------------------------------
CLK = 46
uprav.cnt = 1
uprav.cnt0 = true
uprav.cnt_bool = true
uprav.t0 = false
uprav.t1 = true
uprav.t = false
uprav.ldmar = true
uprav.incpc = true
uprav.brnotstart = false
uprav.val0 = false
--------------------------------
CLK = 47
bus.mx1 = 261
bus.mar = 260
fetch1.pc = 261
fetch1.pc7_0 = 5
uprav.kmbr = 2
uprav.mp = 2
uprav.cnt = 2
uprav.cnt0 = false
uprav.cnt1 = true
uprav.cnt_bool = false
uprav.t1 = false
uprav.t2 = true
uprav.ldmar = false
uprav.incpc = false
uprav.brhack = true
uprav.val2 = true
--------------------------------
CLK = 48
bus.mar_out = 260
bus.notrdbus = false
bus.onerdbus = true
bus.notemar = false
bus.abus = 260
bus.abus2 = true
bus.abus8 = true
bus.rdbus = false
uprav.kmbr = 3
uprav.mp = 3
uprav.cnt = 3
uprav.cnt0 = true
uprav.cnt_bool = true
uprav.cnt_or = true
uprav.t2 = false
uprav.t3 = true
uprav.emar = true
uprav.rdcpu = true
uprav.brcnd_and2 = true
uprav.brcnd = true
uprav.brhack = false
uprav.brnotfccpu = true
uprav.val2 = false
uprav.val3 = true
mem_oper.notrdbus = false
mem_oper.notrdbus_not = true
mem_oper.rdmem = true
mem_uprav.memacc_or = true
mem_uprav.incmemacc = true
uprav.NOT34 = false
--------------------------------
CLK = 49
mem_oper.mem = 35
mem_uprav.memacc = 1
--------------------------------
CLK = 50
mem_uprav.memacc = 2
--------------------------------
CLK = 51
mem_uprav.memacc = 3
--------------------------------
CLK = 52
bus.mx2 = 35
bus.ldmdr = true
bus.mdrin = true
bus.fccpu = true
bus.notfcbus = false
bus.dbus = 35
bus.fcbus = false
uprav.cnt_or = false
uprav.brcnd_and2 = false
uprav.brcnd = false
mem_oper.fcbus_one = true
mem_oper.fcbus = false
mem_oper.mem_out = 35
mem_uprav.incmemacc = false
mem_uprav.memacc = 4
mem_uprav.fcmem = true
mem_uprav.cmp_les = false
mem_uprav.memout = true
uprav.NOT34 = true
uprav.NOT36 = false
mem_uprav.NOT46 = false
--------------------------------
CLK = 53
addr.mdr_to_gprar = 3
bus.mx2 = 0
bus.mdr = 35
bus.mdr0 = true
bus.mdr1 = true
bus.mdr5 = true
bus.mdr_bool = true
bus.ldmdr = false
bus.mdrin = false
bus.fccpu = false
bus.notfcbus = true
bus.mar_out = highZ
bus.notrdbus = highZ
bus.onerdbus = highZ
bus.notemar = true
bus.dbus = highZ
bus.abus = highZ
bus.abus2 = false
bus.abus8 = false
bus.rdbus = highZ
bus.fcbus = highZ
uprav.kmbr = 0
uprav.mp = 0
uprav.cnt = 4
uprav.cnt0 = false
uprav.cnt1 = false
uprav.cnt2 = true
uprav.cnt_bool = false
uprav.t3 = false
uprav.t4 = true
uprav.emar = false
uprav.rdcpu = false
uprav.ldir0 = true
uprav.brnotfccpu = false
uprav.val3 = false
mem_oper.notrdbus = true
mem_oper.notrdbus_not = false
mem_oper.rdmem = false
mem_oper.fcbus_one = highZ
mem_oper.fcbus = highZ
mem_oper.mem_out = highZ
mem_uprav.memacc_or = false
mem_uprav.memacc = 0
mem_uprav.fcmem = false
mem_uprav.cmp_les = true
mem_uprav.memout = false
exec2.NOT2 = false
exec2.NOT4 = false
exec2.NOT12 = false
uprav.NOT36 = true
mem_uprav.NOT46 = true
--------------------------------
CLK = 54
exec4.mx8 = false
fetch1.ir31_24 = 35
fetch1.ir = 601883648
fetch1.ir25 = true
fetch2.ldw = false
fetch2.stw = true
fetch3.gradr = true
fetch3.gradr_or = true
fetch3.store = true
uprav.kmopr = 96
uprav.kmbr = 7
uprav.mp = 7
uprav.cnt = 5
uprav.cnt0 = true
uprav.cnt_bool = true
uprav.cnt_or = true
uprav.t4 = false
uprav.t5 = true
uprav.ldir0 = false
uprav.brcnd_and3 = true
uprav.brcnd = true
uprav.brnotgropr = true
uprav.val7 = true
uprav.NOT34 = false
uprav.NOT38 = false
--------------------------------
CLK = 55
uprav.kmbr = 80
uprav.mp = 80
uprav.cnt = 7
uprav.cnt1 = true
uprav.cnt_or = false
uprav.t5 = false
uprav.t7 = true
uprav.brcnd_and3 = false
uprav.brcnd = false
uprav.brnotgropr = false
uprav.brl1 = true
uprav.val7 = false
uprav.val50 = true
uprav.NOT34 = true
--------------------------------
CLK = 56
uprav.kmbr = 0
uprav.mp = 0
uprav.cnt = 8
uprav.cnt0 = false
uprav.cnt1 = false
uprav.cnt2 = false
uprav.cnt3 = true
uprav.cnt_bool = false
uprav.t7 = false
uprav.t8 = true
uprav.ldmar = true
uprav.incpc = true
uprav.brl1 = false
uprav.val50 = false
--------------------------------
CLK = 57
bus.mx1 = 262
bus.mar = 261
fetch1.pc = 262
fetch1.pc7_0 = 6
uprav.kmbr = 9
uprav.mp = 9
uprav.cnt = 9
uprav.cnt0 = true
uprav.cnt_bool = true
uprav.t8 = false
uprav.t9 = true
uprav.ldmar = false
uprav.incpc = false
uprav.brhack = true
uprav.val9 = true
--------------------------------
CLK = 58
bus.mar_out = 261
bus.notrdbus = false
bus.onerdbus = true
bus.notemar = false
bus.abus = 261
bus.abus0 = true
bus.abus2 = true
bus.abus8 = true
bus.abus_bool = true
bus.rdbus = false
uprav.kmbr = 10
uprav.mp = 10
uprav.cnt = 10
uprav.cnt0 = false
uprav.cnt1 = true
uprav.cnt_bool = false
uprav.cnt_or = true
uprav.t9 = false
uprav.tA = true
uprav.emar = true
uprav.rdcpu = true
uprav.brcnd_and2 = true
uprav.brcnd = true
uprav.brhack = false
uprav.brnotfccpu = true
uprav.val9 = false
uprav.valA = true
mem_oper.notrdbus = false
mem_oper.notrdbus_not = true
mem_oper.rdmem = true
mem_uprav.memacc_or = true
mem_uprav.incmemacc = true
uprav.NOT34 = false
--------------------------------
CLK = 59
mem_oper.mem = 2
mem_uprav.memacc = 1
--------------------------------
CLK = 60
mem_uprav.memacc = 2
--------------------------------
CLK = 61
mem_uprav.memacc = 3
--------------------------------
CLK = 62
bus.mx2 = 2
bus.ldmdr = true
bus.mdrin = true
bus.fccpu = true
bus.notfcbus = false
bus.dbus = 2
bus.fcbus = false
uprav.cnt_or = false
uprav.brcnd_and2 = false
uprav.brcnd = false
mem_oper.fcbus_one = true
mem_oper.fcbus = false
mem_oper.mem_out = 2
mem_uprav.incmemacc = false
mem_uprav.memacc = 4
mem_uprav.fcmem = true
mem_uprav.cmp_les = false
mem_uprav.memout = true
uprav.NOT34 = true
uprav.NOT36 = false
mem_uprav.NOT46 = false
--------------------------------
CLK = 63
addr.mdr_to_gprar = 2
bus.mx2 = 0
bus.mdr = 2
bus.mdr0 = false
bus.mdr5 = false
bus.mdr_bool = false
bus.ldmdr = false
bus.mdrin = false
bus.fccpu = false
bus.notfcbus = true
bus.mar_out = highZ
bus.notrdbus = highZ
bus.onerdbus = highZ
bus.notemar = true
bus.dbus = highZ
bus.abus = highZ
bus.abus0 = false
bus.abus2 = false
bus.abus8 = false
bus.abus_bool = false
bus.rdbus = highZ
bus.fcbus = highZ
uprav.cnt = 11
uprav.cnt0 = true
uprav.cnt_bool = true
uprav.tA = false
uprav.tB = true
uprav.emar = false
uprav.rdcpu = false
uprav.ldir1 = true
uprav.ldgprar = true
uprav.brnotfccpu = false
uprav.valA = false
mem_oper.notrdbus = true
mem_oper.notrdbus_not = false
mem_oper.rdmem = false
mem_oper.fcbus_one = highZ
mem_oper.fcbus = highZ
mem_oper.mem_out = highZ
mem_uprav.memacc_or = false
mem_uprav.memacc = 0
mem_uprav.fcmem = false
mem_uprav.cmp_les = true
mem_uprav.memout = false
exec2.NOT2 = true
exec2.NOT12 = true
uprav.NOT36 = true
mem_uprav.NOT46 = true
--------------------------------
CLK = 64
addr.gprar = 2
addr.ir_to_mx3 = 2
fetch1.ir23_16 = 2
fetch1.ir = 587334656
fetch1.ir17 = true
fetch1.ir21 = false
fetch1.ir22 = false
fetch1.ir23 = false
fetch1.ir23_8 = 516
fetch2.regdir = true
fetch2.imm = false
fetch2.dc11 = true
fetch3.gradr = false
fetch3.l2_arlog = true
fetch3.l2_arlog_or1 = true
intr3.mx1 = 2
uprav.kmadr = 33
uprav.kmbr = 14
uprav.mp = 14
uprav.cnt = 12
uprav.cnt0 = false
uprav.cnt1 = false
uprav.cnt2 = true
uprav.cnt_bool = false
uprav.cnt_or = true
uprav.tB = false
uprav.tC = true
uprav.ldir1 = false
uprav.ldgprar = false
uprav.brcnd_and5 = true
uprav.brcnd = true
uprav.brnotgradr = true
uprav.valE = true
uprav.NOT34 = false
uprav.NOT38 = true
--------------------------------
CLK = 65
uprav.kmbr = 80
uprav.mp = 80
uprav.cnt = 14
uprav.cnt1 = true
uprav.cnt_or = false
uprav.tC = false
uprav.tE = true
uprav.brcnd_and5 = false
uprav.brcnd = false
uprav.brnotgradr = false
uprav.brl2_branch = true
uprav.valE = false
uprav.val50 = true
uprav.NOT34 = true
--------------------------------
CLK = 66
uprav.kmbr = 32
uprav.mp = 32
uprav.cnt = 15
uprav.cnt0 = true
uprav.cnt_bool = true
uprav.cnt_or = true
uprav.tE = false
uprav.tF = true
uprav.brcnd_and7 = true
uprav.brcnd = true
uprav.brl2_branch = false
uprav.brl2_arlog = true
uprav.val20 = true
uprav.val50 = false
uprav.NOT34 = false
--------------------------------
CLK = 67
uprav.kmbr = 0
uprav.mp = 33
uprav.cnt = 32
uprav.cnt0 = false
uprav.cnt1 = false
uprav.cnt2 = false
uprav.cnt3 = false
uprav.cnt5 = true
uprav.cnt_bool = false
uprav.tF = false
uprav.t20 = true
uprav.bradr = true
uprav.brcnd_and7 = false
uprav.brcnd = false
uprav.brl2_arlog = false
uprav.val20 = false
--------------------------------
CLK = 68
uprav.kmbr = 80
uprav.mp = 80
uprav.cnt = 33
uprav.cnt0 = true
uprav.cnt_bool = true
uprav.t20 = false
uprav.t21 = true
uprav.bradr = false
uprav.brcnd_and10 = true
uprav.brcnd = true
uprav.brstore = true
uprav.val50 = true
--------------------------------
CLK = 69
uprav.mp = 96
uprav.cnt = 80
uprav.cnt0 = false
uprav.cnt4 = true
uprav.cnt5 = false
uprav.cnt6 = true
uprav.cnt_bool = false
uprav.t21 = false
uprav.t50 = true
uprav.bropr = true
uprav.brcnd_and10 = false
uprav.brcnd = false
uprav.brstore = false
uprav.val50 = false
--------------------------------
CLK = 70
uprav.kmbr = 104
uprav.mp = 104
uprav.cnt = 96
uprav.cnt4 = false
uprav.cnt5 = true
uprav.t50 = false
uprav.t60 = true
uprav.bropr = false
uprav.brcnd_and12 = true
uprav.brcnd = true
uprav.brregdir = true
uprav.val68 = true
--------------------------------
CLK = 71
addr.mx1 = 1024
uprav.kmbr = 192
uprav.mp = 192
uprav.cnt = 104
uprav.cnt3 = true
uprav.t60 = false
uprav.t68 = true
uprav.mxgpr = true
uprav.wrgpr = true
uprav.bruncnd = true
uprav.brcnd_and12 = false
uprav.brcnd = false
uprav.brregdir = false
uprav.val68 = false
uprav.valC0 = true
--------------------------------
CLK = 72
addr.mx1 = 0
uprav.kmbr = 0
uprav.mp = 0
uprav.cnt = 192
uprav.cnt3 = false
uprav.cnt5 = false
uprav.cnt7 = true
uprav.t68 = false
uprav.tC0 = true
uprav.mxgpr = false
uprav.wrgpr = false
uprav.bruncnd = false
uprav.brcnd_and14 = true
uprav.brcnd = true
uprav.brnotprekid = true
uprav.val0 = true
uprav.valC0 = false
--------------------------------
CLK = 73
addr.gpr = 1024
exec1.mx2 = 1024
exec1.mx6 = 1024
uprav.cnt = 0
uprav.cnt6 = false
uprav.cnt7 = false
uprav.cnt_or = false
uprav.t0 = true
uprav.tC0 = false
uprav.t = true
uprav.brcnd_and14 = false
uprav.brcnd = false
uprav.brnotstart = true
uprav.brnotprekid = false
uprav.NOT34 = true
--------------------------------
CLK = 74
uprav.cnt = 1
uprav.cnt0 = true
uprav.cnt_bool = true
uprav.t0 = false
uprav.t1 = true
uprav.t = false
uprav.ldmar = true
uprav.incpc = true
uprav.brnotstart = false
uprav.val0 = false
--------------------------------
CLK = 75
bus.mx1 = 263
bus.mar = 262
fetch1.pc = 263
fetch1.pc7_0 = 7
uprav.kmbr = 2
uprav.mp = 2
uprav.cnt = 2
uprav.cnt0 = false
uprav.cnt1 = true
uprav.cnt_bool = false
uprav.t1 = false
uprav.t2 = true
uprav.ldmar = false
uprav.incpc = false
uprav.brhack = true
uprav.val2 = true
--------------------------------
CLK = 76
bus.mar_out = 262
bus.notrdbus = false
bus.onerdbus = true
bus.notemar = false
bus.abus = 262
bus.abus1 = true
bus.abus2 = true
bus.abus8 = true
bus.rdbus = false
uprav.kmbr = 3
uprav.mp = 3
uprav.cnt = 3
uprav.cnt0 = true
uprav.cnt_bool = true
uprav.cnt_or = true
uprav.t2 = false
uprav.t3 = true
uprav.emar = true
uprav.rdcpu = true
uprav.brcnd_and2 = true
uprav.brcnd = true
uprav.brhack = false
uprav.brnotfccpu = true
uprav.val2 = false
uprav.val3 = true
mem_oper.notrdbus = false
mem_oper.notrdbus_not = true
mem_oper.rdmem = true
mem_uprav.memacc_or = true
mem_uprav.incmemacc = true
uprav.NOT34 = false
--------------------------------
CLK = 77
mem_oper.mem = 1
mem_uprav.memacc = 1
--------------------------------
CLK = 78
mem_uprav.memacc = 2
--------------------------------
CLK = 79
mem_uprav.memacc = 3
--------------------------------
CLK = 80
bus.mx2 = 1
bus.ldmdr = true
bus.mdrin = true
bus.fccpu = true
bus.notfcbus = false
bus.dbus = 1
bus.fcbus = false
uprav.cnt_or = false
uprav.brcnd_and2 = false
uprav.brcnd = false
mem_oper.fcbus_one = true
mem_oper.fcbus = false
mem_oper.mem_out = 1
mem_uprav.incmemacc = false
mem_uprav.memacc = 4
mem_uprav.fcmem = true
mem_uprav.cmp_les = false
mem_uprav.memout = true
uprav.NOT34 = true
uprav.NOT36 = false
mem_uprav.NOT46 = false
--------------------------------
CLK = 81
addr.mdr_to_gprar = 1
bus.mx2 = 0
bus.mdr = 1
bus.mdr0 = true
bus.mdr1 = false
bus.mdr_bool = true
bus.ldmdr = false
bus.mdrin = false
bus.fccpu = false
bus.notfcbus = true
bus.mar_out = highZ
bus.notrdbus = highZ
bus.onerdbus = highZ
bus.notemar = true
bus.dbus = highZ
bus.abus = highZ
bus.abus1 = false
bus.abus2 = false
bus.abus8 = false
bus.rdbus = highZ
bus.fcbus = highZ
uprav.kmbr = 0
uprav.mp = 0
uprav.cnt = 4
uprav.cnt0 = false
uprav.cnt1 = false
uprav.cnt2 = true
uprav.cnt_bool = false
uprav.t3 = false
uprav.t4 = true
uprav.emar = false
uprav.rdcpu = false
uprav.ldir0 = true
uprav.brnotfccpu = false
uprav.val3 = false
mem_oper.notrdbus = true
mem_oper.notrdbus_not = false
mem_oper.rdmem = false
mem_oper.fcbus_one = highZ
mem_oper.fcbus = highZ
mem_oper.mem_out = highZ
mem_uprav.memacc_or = false
mem_uprav.memacc = 0
mem_uprav.fcmem = false
mem_uprav.cmp_les = true
mem_uprav.memout = false
exec2.NOT2 = false
exec2.NOT4 = true
uprav.NOT36 = true
mem_uprav.NOT46 = true
--------------------------------
CLK = 82
exec4.mx8 = true
fetch1.ir31_24 = 1
fetch1.ir = 16909312
fetch1.ir25 = false
fetch1.ir29 = false
fetch2.g0_pg0 = true
fetch2.g0_pg4 = false
fetch2.dc2 = true
fetch2.halt = true
fetch2.stw = false
fetch3.gradr_or = false
fetch3.l1 = true
fetch3.store = false
fetch3.l2_arlog = false
fetch3.l2_arlog_or0 = false
uprav.kmopr = 82
uprav.kmbr = 7
uprav.mp = 7
uprav.cnt = 5
uprav.cnt0 = true
uprav.cnt_bool = true
uprav.cnt_or = true
uprav.t4 = false
uprav.t5 = true
uprav.ldir0 = false
uprav.brcnd_and3 = true
uprav.brcnd = true
uprav.brnotgropr = true
uprav.val7 = true
uprav.NOT34 = false
--------------------------------
CLK = 83
uprav.kmbr = 80
uprav.mp = 80
uprav.cnt = 7
uprav.cnt1 = true
uprav.t5 = false
uprav.t7 = true
uprav.brcnd_and3 = false
uprav.brcnd_and4 = true
uprav.brnotgropr = false
uprav.brl1 = true
uprav.val7 = false
uprav.val50 = true
--------------------------------
CLK = 84
uprav.kmbr = 0
uprav.mp = 82
uprav.cnt = 80
uprav.cnt0 = false
uprav.cnt1 = false
uprav.cnt2 = false
uprav.cnt4 = true
uprav.cnt6 = true
uprav.cnt_bool = false
uprav.t7 = false
uprav.t50 = true
uprav.bropr = true
uprav.brcnd_and4 = false
uprav.brcnd = false
uprav.brl1 = false
uprav.val50 = false
--------------------------------
CLK = 85
uprav.mp = 0
uprav.cnt = 82
uprav.cnt1 = true
uprav.t50 = false
uprav.t52 = true
uprav.clstart = true
uprav.bropr = false
uprav.bruncnd = true
uprav.val0 = true
--------------------------------
CLK = 86
exec2.start = false
fetch2.g0 = false
fetch2.dc1 = false
fetch2.g0_pg0 = false
fetch2.dc2 = false
fetch2.halt = false
fetch3.l1 = false
uprav.cnt = 0
uprav.cnt1 = false
uprav.cnt4 = false
uprav.cnt6 = false
uprav.t0 = true
uprav.t52 = false
uprav.t = true
uprav.clstart = false
uprav.bruncnd = false
uprav.brcnd_and0 = true
uprav.brcnd = true
uprav.brnotstart = true
uprav.NOT35 = true
--------------------------------
CLK = 87
--------------------------------
CLK = 88
--------------------------------
CLK = 89
--------------------------------
CLK = 90
--------------------------------
CLK = 91
--------------------------------
CLK = 92
--------------------------------
CLK = 93
--------------------------------
CLK = 94
--------------------------------
CLK = 95
--------------------------------
CLK = 96
--------------------------------
CLK = 97
--------------------------------
CLK = 98
--------------------------------
CLK = 99
--------------------------------
CLK = 100
--------------------------------
CLK = 101
--------------------------------
CLK = 102
--------------------------------
CLK = 103
--------------------------------
CLK = 104
--------------------------------
CLK = 105
--------------------------------
CLK = 106
--------------------------------
CLK = 107
--------------------------------
CLK = 108
--------------------------------
CLK = 109
--------------------------------
CLK = 110
--------------------------------
CLK = 111
--------------------------------
CLK = 112
--------------------------------
CLK = 113
--------------------------------
CLK = 114
--------------------------------
CLK = 115
--------------------------------
CLK = 116
--------------------------------
CLK = 117
--------------------------------
CLK = 118
--------------------------------
CLK = 119
--------------------------------
CLK = 120
--------------------------------
CLK = 121
--------------------------------
CLK = 122
--------------------------------
CLK = 123
--------------------------------
CLK = 124
--------------------------------
CLK = 125
--------------------------------
CLK = 126
--------------------------------
CLK = 127
--------------------------------
CLK = 128
--------------------------------
CLK = 129
--------------------------------
CLK = 130
--------------------------------
CLK = 131
--------------------------------
CLK = 132
--------------------------------
CLK = 133
--------------------------------
CLK = 134
--------------------------------
CLK = 135
--------------------------------
CLK = 136
--------------------------------
CLK = 137
--------------------------------
CLK = 138
--------------------------------
CLK = 139
--------------------------------
CLK = 140
--------------------------------
CLK = 141
--------------------------------
CLK = 142
--------------------------------
CLK = 143
--------------------------------
CLK = 144
--------------------------------
CLK = 145
--------------------------------
CLK = 146
--------------------------------
CLK = 147
--------------------------------
CLK = 148
--------------------------------
CLK = 149
--------------------------------
CLK = 150
--------------------------------
CLK = 151
--------------------------------
CLK = 152
--------------------------------
CLK = 153
--------------------------------
CLK = 154
--------------------------------
CLK = 155
--------------------------------
CLK = 156
--------------------------------
CLK = 157
--------------------------------
CLK = 158
--------------------------------
CLK = 159
--------------------------------
CLK = 160
--------------------------------
CLK = 161
--------------------------------
CLK = 162
--------------------------------
CLK = 163
--------------------------------
CLK = 164
--------------------------------
CLK = 165
--------------------------------
CLK = 166
--------------------------------
CLK = 167
--------------------------------
CLK = 168
--------------------------------
CLK = 169
--------------------------------
CLK = 170
--------------------------------
CLK = 171
--------------------------------
CLK = 172
--------------------------------
CLK = 173
--------------------------------
CLK = 174
--------------------------------
CLK = 175
--------------------------------
CLK = 176
--------------------------------
CLK = 177
--------------------------------
CLK = 178
--------------------------------
CLK = 179
--------------------------------
CLK = 180
--------------------------------
CLK = 181
--------------------------------
CLK = 182
--------------------------------
CLK = 183
--------------------------------
CLK = 184
--------------------------------
CLK = 185
--------------------------------
CLK = 186
--------------------------------
CLK = 187
--------------------------------
CLK = 188
--------------------------------
CLK = 189
--------------------------------
CLK = 190
--------------------------------
CLK = 191
--------------------------------
CLK = 192
--------------------------------
CLK = 193
--------------------------------
CLK = 194
--------------------------------
CLK = 195
--------------------------------
CLK = 196
--------------------------------
CLK = 197
--------------------------------
CLK = 198
--------------------------------
CLK = 199
--------------------------------
CLK = 200
--------------------------------
CLK = 201
--------------------------------
CLK = 202
--------------------------------
CLK = 203
--------------------------------
CLK = 204
--------------------------------
CLK = 205
--------------------------------
CLK = 206
--------------------------------
CLK = 207
--------------------------------
CLK = 208
--------------------------------
CLK = 209
--------------------------------
CLK = 210
--------------------------------
CLK = 211
--------------------------------
CLK = 212
--------------------------------
CLK = 213
--------------------------------
CLK = 214
--------------------------------
CLK = 215
--------------------------------
CLK = 216
--------------------------------
CLK = 217
--------------------------------
CLK = 218
--------------------------------
CLK = 219
--------------------------------
CLK = 220
--------------------------------
CLK = 221
--------------------------------
CLK = 222
--------------------------------
CLK = 223
--------------------------------
CLK = 224
--------------------------------
CLK = 225
--------------------------------
CLK = 226
--------------------------------
CLK = 227
--------------------------------
CLK = 228
--------------------------------
CLK = 229
--------------------------------
CLK = 230
--------------------------------
CLK = 231
--------------------------------
CLK = 232
--------------------------------
CLK = 233
--------------------------------
CLK = 234
--------------------------------
CLK = 235
--------------------------------
CLK = 236
--------------------------------
CLK = 237
--------------------------------
CLK = 238
--------------------------------
CLK = 239
--------------------------------
CLK = 240
--------------------------------
CLK = 241
--------------------------------
CLK = 242
--------------------------------
CLK = 243
--------------------------------
CLK = 244
--------------------------------
CLK = 245
--------------------------------
CLK = 246
--------------------------------
CLK = 247
--------------------------------
CLK = 248
--------------------------------
CLK = 249
--------------------------------
CLK = 250
--------------------------------
CLK = 251
--------------------------------
CLK = 252
--------------------------------
CLK = 253
--------------------------------
CLK = 254
--------------------------------
CLK = 255
--------------------------------
CLK = 256
--------------------------------
CLK = 257
--------------------------------
CLK = 258
--------------------------------
CLK = 259
--------------------------------
CLK = 260
--------------------------------
CLK = 261
--------------------------------
CLK = 262
--------------------------------
CLK = 263
--------------------------------
CLK = 264
--------------------------------
CLK = 265
--------------------------------
CLK = 266
--------------------------------
CLK = 267
--------------------------------
CLK = 268
--------------------------------
CLK = 269
--------------------------------
CLK = 270
--------------------------------
CLK = 271
--------------------------------
CLK = 272
--------------------------------
CLK = 273
--------------------------------
CLK = 274
--------------------------------
CLK = 275
--------------------------------
CLK = 276
--------------------------------
CLK = 277
--------------------------------
CLK = 278
--------------------------------
CLK = 279
--------------------------------
CLK = 280
--------------------------------
CLK = 281
--------------------------------
CLK = 282
--------------------------------
CLK = 283
--------------------------------
CLK = 284
--------------------------------
CLK = 285
--------------------------------
CLK = 286
--------------------------------
CLK = 287
--------------------------------
CLK = 288
--------------------------------
CLK = 289
--------------------------------
CLK = 290
--------------------------------
CLK = 291
--------------------------------
CLK = 292
--------------------------------
CLK = 293
--------------------------------
CLK = 294
--------------------------------
CLK = 295
--------------------------------
CLK = 296
--------------------------------
CLK = 297
--------------------------------
CLK = 298
--------------------------------
CLK = 299
--------------------------------
CLK = 300
--------------------------------
CLK = 301
--------------------------------
CLK = 302
--------------------------------
CLK = 303
--------------------------------
CLK = 304
--------------------------------
CLK = 305
--------------------------------
CLK = 306
--------------------------------
CLK = 307
--------------------------------
CLK = 308
--------------------------------
CLK = 309
--------------------------------
CLK = 310
--------------------------------
CLK = 311
--------------------------------
CLK = 312
--------------------------------
CLK = 313
--------------------------------
CLK = 314
--------------------------------
CLK = 315
--------------------------------
CLK = 316
--------------------------------
CLK = 317
--------------------------------
CLK = 318
--------------------------------
CLK = 319
--------------------------------
CLK = 320
--------------------------------
CLK = 321
--------------------------------
CLK = 322
--------------------------------
CLK = 323
--------------------------------
CLK = 324
--------------------------------
CLK = 325
--------------------------------
CLK = 326
--------------------------------
CLK = 327
--------------------------------
CLK = 328
--------------------------------
CLK = 329
--------------------------------
CLK = 330
--------------------------------
CLK = 331
--------------------------------
CLK = 332
--------------------------------
CLK = 333
--------------------------------
CLK = 334
--------------------------------
CLK = 335
--------------------------------
CLK = 336
--------------------------------
CLK = 337
--------------------------------
CLK = 338
--------------------------------
CLK = 339
--------------------------------
CLK = 340
--------------------------------
CLK = 341
--------------------------------
CLK = 342
--------------------------------
CLK = 343
--------------------------------
CLK = 344
--------------------------------
CLK = 345
--------------------------------
CLK = 346
--------------------------------
CLK = 347
--------------------------------
CLK = 348
--------------------------------
CLK = 349
--------------------------------
CLK = 350
--------------------------------
CLK = 351
--------------------------------
CLK = 352
--------------------------------
CLK = 353
--------------------------------
CLK = 354
--------------------------------
CLK = 355
--------------------------------
CLK = 356
--------------------------------
CLK = 357
--------------------------------
CLK = 358
--------------------------------
CLK = 359
--------------------------------
CLK = 360
--------------------------------
CLK = 361
--------------------------------
CLK = 362
--------------------------------
CLK = 363
--------------------------------
CLK = 364
--------------------------------
CLK = 365
--------------------------------
CLK = 366
--------------------------------
CLK = 367
--------------------------------
CLK = 368
--------------------------------
CLK = 369
--------------------------------
CLK = 370
--------------------------------
CLK = 371
--------------------------------
CLK = 372
--------------------------------
CLK = 373
--------------------------------
CLK = 374
--------------------------------
CLK = 375
--------------------------------
CLK = 376
--------------------------------
CLK = 377
--------------------------------
CLK = 378
--------------------------------
CLK = 379
--------------------------------
CLK = 380
--------------------------------
CLK = 381
--------------------------------
CLK = 382
--------------------------------
CLK = 383
--------------------------------
CLK = 384
--------------------------------
CLK = 385
--------------------------------
CLK = 386
--------------------------------
CLK = 387
--------------------------------
CLK = 388
--------------------------------
CLK = 389
--------------------------------
CLK = 390
--------------------------------
CLK = 391
--------------------------------
CLK = 392
--------------------------------
CLK = 393
--------------------------------
CLK = 394
--------------------------------
CLK = 395
--------------------------------
CLK = 396
--------------------------------
CLK = 397
--------------------------------
CLK = 398
--------------------------------
CLK = 399
--------------------------------
CLK = 400
--------------------------------
CLK = 401
--------------------------------
CLK = 402
--------------------------------
CLK = 403
--------------------------------
CLK = 404
--------------------------------
CLK = 405
--------------------------------
CLK = 406
--------------------------------
CLK = 407
--------------------------------
CLK = 408
--------------------------------
CLK = 409
--------------------------------
CLK = 410
--------------------------------
CLK = 411
--------------------------------
CLK = 412
--------------------------------
CLK = 413
--------------------------------
CLK = 414
--------------------------------
CLK = 415
--------------------------------
CLK = 416
--------------------------------
CLK = 417
--------------------------------
CLK = 418
--------------------------------
CLK = 419
--------------------------------
CLK = 420
--------------------------------
CLK = 421
--------------------------------
CLK = 422
--------------------------------
CLK = 423
--------------------------------
CLK = 424
--------------------------------
CLK = 425
--------------------------------
CLK = 426
--------------------------------
CLK = 427
--------------------------------
CLK = 428
--------------------------------
CLK = 429
--------------------------------
CLK = 430
--------------------------------
CLK = 431
--------------------------------
CLK = 432
--------------------------------
CLK = 433
--------------------------------
CLK = 434
--------------------------------
CLK = 435
--------------------------------
CLK = 436
--------------------------------
CLK = 437
--------------------------------
CLK = 438
--------------------------------
CLK = 439
--------------------------------
CLK = 440
--------------------------------
CLK = 441
--------------------------------
CLK = 442
--------------------------------
CLK = 443
--------------------------------
CLK = 444
--------------------------------
CLK = 445
--------------------------------
CLK = 446
--------------------------------
CLK = 447
--------------------------------
CLK = 448
--------------------------------
CLK = 449
--------------------------------
CLK = 450
--------------------------------
CLK = 451
--------------------------------
CLK = 452
--------------------------------
CLK = 453
--------------------------------
CLK = 454
--------------------------------
CLK = 455
--------------------------------
CLK = 456
--------------------------------
CLK = 457
--------------------------------
CLK = 458
--------------------------------
CLK = 459
--------------------------------
CLK = 460
--------------------------------
CLK = 461
--------------------------------
CLK = 462
--------------------------------
CLK = 463
--------------------------------
CLK = 464
--------------------------------
CLK = 465
--------------------------------
CLK = 466
--------------------------------
CLK = 467
--------------------------------
CLK = 468
--------------------------------
CLK = 469
--------------------------------
CLK = 470
--------------------------------
CLK = 471
--------------------------------
CLK = 472
--------------------------------
CLK = 473
--------------------------------
CLK = 474
--------------------------------
CLK = 475
--------------------------------
CLK = 476
--------------------------------
CLK = 477
--------------------------------
CLK = 478
--------------------------------
CLK = 479
--------------------------------
CLK = 480
--------------------------------
CLK = 481
--------------------------------
CLK = 482
--------------------------------
CLK = 483
--------------------------------
CLK = 484
--------------------------------
CLK = 485
--------------------------------
CLK = 486
--------------------------------
CLK = 487
--------------------------------
CLK = 488
--------------------------------
CLK = 489
--------------------------------
CLK = 490
--------------------------------
CLK = 491
--------------------------------
CLK = 492
--------------------------------
CLK = 493
--------------------------------
CLK = 494
--------------------------------
CLK = 495
--------------------------------
CLK = 496
--------------------------------
CLK = 497
--------------------------------
CLK = 498
--------------------------------
CLK = 499
--------------------------------
CLK = 500
--------------------------------
CLK = 501
--------------------------------
CLK = 502
--------------------------------
CLK = 503
--------------------------------
CLK = 504
--------------------------------
CLK = 505
--------------------------------
CLK = 506
--------------------------------
CLK = 507
--------------------------------
CLK = 508
--------------------------------
CLK = 509
--------------------------------
CLK = 510
--------------------------------
CLK = 511
--------------------------------
CLK = 512
--------------------------------
CLK = 513
--------------------------------
CLK = 514
--------------------------------
CLK = 515
--------------------------------
CLK = 516
--------------------------------
CLK = 517
--------------------------------
CLK = 518
--------------------------------
CLK = 519
--------------------------------
CLK = 520
--------------------------------
CLK = 521
--------------------------------
CLK = 522
--------------------------------
CLK = 523
--------------------------------
CLK = 524
--------------------------------
CLK = 525
--------------------------------
CLK = 526
--------------------------------
CLK = 527
--------------------------------
CLK = 528
--------------------------------
CLK = 529
--------------------------------
CLK = 530
--------------------------------
CLK = 531
--------------------------------
CLK = 532
--------------------------------
CLK = 533
--------------------------------
CLK = 534
--------------------------------
CLK = 535
--------------------------------
CLK = 536
--------------------------------
CLK = 537
--------------------------------
CLK = 538
--------------------------------
CLK = 539
--------------------------------
CLK = 540
--------------------------------
CLK = 541
--------------------------------
CLK = 542
--------------------------------
CLK = 543
--------------------------------
CLK = 544
--------------------------------
CLK = 545
--------------------------------
CLK = 546
--------------------------------
CLK = 547
--------------------------------
CLK = 548
--------------------------------
CLK = 549
--------------------------------
CLK = 550
--------------------------------
CLK = 551
--------------------------------
CLK = 552
--------------------------------
CLK = 553
--------------------------------
CLK = 554
--------------------------------
CLK = 555
--------------------------------
CLK = 556
--------------------------------
CLK = 557
--------------------------------
CLK = 558
--------------------------------
CLK = 559
--------------------------------
CLK = 560
--------------------------------
CLK = 561
--------------------------------
CLK = 562
--------------------------------
CLK = 563
--------------------------------
CLK = 564
--------------------------------
CLK = 565
--------------------------------
CLK = 566
--------------------------------
CLK = 567
--------------------------------
CLK = 568
--------------------------------
CLK = 569
--------------------------------
CLK = 570
--------------------------------
CLK = 571
--------------------------------
CLK = 572
--------------------------------
CLK = 573
--------------------------------
CLK = 574
--------------------------------
CLK = 575
--------------------------------
CLK = 576
--------------------------------
CLK = 577
--------------------------------
CLK = 578
--------------------------------
CLK = 579
--------------------------------
CLK = 580
--------------------------------
CLK = 581
--------------------------------
CLK = 582
--------------------------------
CLK = 583
--------------------------------
CLK = 584
--------------------------------
CLK = 585
--------------------------------
CLK = 586
--------------------------------
CLK = 587
--------------------------------
CLK = 588
--------------------------------
CLK = 589
--------------------------------
CLK = 590
--------------------------------
CLK = 591
--------------------------------
CLK = 592
--------------------------------
CLK = 593
--------------------------------
CLK = 594
--------------------------------
CLK = 595
--------------------------------
CLK = 596
--------------------------------
CLK = 597
--------------------------------
CLK = 598
--------------------------------
CLK = 599
--------------------------------
CLK = 600
--------------------------------
CLK = 601
--------------------------------
CLK = 602
--------------------------------
CLK = 603
--------------------------------
CLK = 604
--------------------------------
CLK = 605
--------------------------------
CLK = 606
--------------------------------
CLK = 607
--------------------------------
CLK = 608
--------------------------------
CLK = 609
--------------------------------
CLK = 610
--------------------------------
CLK = 611
--------------------------------
CLK = 612
--------------------------------
CLK = 613
--------------------------------
CLK = 614
--------------------------------
CLK = 615
--------------------------------
CLK = 616
--------------------------------
CLK = 617
--------------------------------
CLK = 618
--------------------------------
CLK = 619
--------------------------------
CLK = 620
--------------------------------
CLK = 621
--------------------------------
CLK = 622
--------------------------------
CLK = 623
--------------------------------
CLK = 624
--------------------------------
CLK = 625
--------------------------------
CLK = 626
--------------------------------
CLK = 627
--------------------------------
CLK = 628
--------------------------------
CLK = 629
--------------------------------
CLK = 630
--------------------------------
CLK = 631
--------------------------------
CLK = 632
--------------------------------
CLK = 633
--------------------------------
CLK = 634
--------------------------------
CLK = 635
--------------------------------
CLK = 636
--------------------------------
CLK = 637
--------------------------------
CLK = 638
--------------------------------
CLK = 639
--------------------------------
CLK = 640
--------------------------------
CLK = 641
--------------------------------
CLK = 642
--------------------------------
CLK = 643
--------------------------------
CLK = 644
--------------------------------
CLK = 645
--------------------------------
CLK = 646
--------------------------------
CLK = 647
--------------------------------
CLK = 648
--------------------------------
CLK = 649
--------------------------------
CLK = 650
--------------------------------
CLK = 651
--------------------------------
CLK = 652
--------------------------------
CLK = 653
--------------------------------
CLK = 654
--------------------------------
CLK = 655
--------------------------------
CLK = 656
--------------------------------
CLK = 657
--------------------------------
CLK = 658
--------------------------------
CLK = 659
--------------------------------
CLK = 660
--------------------------------
CLK = 661
--------------------------------
CLK = 662
--------------------------------
CLK = 663
--------------------------------
CLK = 664
--------------------------------
CLK = 665
--------------------------------
CLK = 666
--------------------------------
CLK = 667
--------------------------------
CLK = 668
--------------------------------
CLK = 669
--------------------------------
CLK = 670
--------------------------------
CLK = 671
--------------------------------
CLK = 672
--------------------------------
CLK = 673
--------------------------------
CLK = 674
--------------------------------
CLK = 675
--------------------------------
CLK = 676
--------------------------------
CLK = 677
--------------------------------
CLK = 678
--------------------------------
CLK = 679
--------------------------------
CLK = 680
--------------------------------
CLK = 681
--------------------------------
CLK = 682
--------------------------------
CLK = 683
--------------------------------
CLK = 684
--------------------------------
CLK = 685
--------------------------------
CLK = 686
--------------------------------
CLK = 687
--------------------------------
CLK = 688
--------------------------------
CLK = 689
--------------------------------
CLK = 690
--------------------------------
CLK = 691
--------------------------------
CLK = 692
--------------------------------
CLK = 693
--------------------------------
CLK = 694
--------------------------------
CLK = 695
--------------------------------
CLK = 696
--------------------------------
CLK = 697
--------------------------------
CLK = 698
--------------------------------
CLK = 699
--------------------------------
CLK = 700
--------------------------------
CLK = 701
--------------------------------
CLK = 702
--------------------------------
CLK = 703
--------------------------------
CLK = 704
--------------------------------
CLK = 705
--------------------------------
CLK = 706
--------------------------------
CLK = 707
--------------------------------
CLK = 708
--------------------------------
CLK = 709
--------------------------------
CLK = 710
--------------------------------
CLK = 711
--------------------------------
CLK = 712
--------------------------------
CLK = 713
--------------------------------
CLK = 714
--------------------------------
CLK = 715
--------------------------------
CLK = 716
--------------------------------
CLK = 717
--------------------------------
CLK = 718
--------------------------------
CLK = 719
--------------------------------
CLK = 720
--------------------------------
CLK = 721
--------------------------------
CLK = 722
--------------------------------
CLK = 723
--------------------------------
CLK = 724
--------------------------------
CLK = 725
--------------------------------
CLK = 726
--------------------------------
CLK = 727
--------------------------------
CLK = 728
--------------------------------
CLK = 729
--------------------------------
CLK = 730
--------------------------------
CLK = 731
--------------------------------
CLK = 732
--------------------------------
CLK = 733
--------------------------------
CLK = 734
--------------------------------
CLK = 735
--------------------------------
CLK = 736
--------------------------------
CLK = 737
--------------------------------
CLK = 738
--------------------------------
CLK = 739
--------------------------------
CLK = 740
--------------------------------
CLK = 741
--------------------------------
CLK = 742
--------------------------------
CLK = 743
--------------------------------
CLK = 744
--------------------------------
CLK = 745
--------------------------------
CLK = 746
--------------------------------
CLK = 747
--------------------------------
CLK = 748
--------------------------------
CLK = 749
--------------------------------
CLK = 750
--------------------------------
CLK = 751
--------------------------------
CLK = 752
--------------------------------
CLK = 753
--------------------------------
CLK = 754
--------------------------------
CLK = 755
--------------------------------
CLK = 756
--------------------------------
CLK = 757
--------------------------------
CLK = 758
--------------------------------
CLK = 759
--------------------------------
CLK = 760
--------------------------------
CLK = 761
--------------------------------
CLK = 762
--------------------------------
CLK = 763
--------------------------------
CLK = 764
--------------------------------
CLK = 765
--------------------------------
CLK = 766
--------------------------------
CLK = 767
--------------------------------
CLK = 768
--------------------------------
CLK = 769
--------------------------------
CLK = 770
--------------------------------
CLK = 771
--------------------------------
CLK = 772
--------------------------------
CLK = 773
--------------------------------
CLK = 774
--------------------------------
CLK = 775
--------------------------------
CLK = 776
--------------------------------
CLK = 777
--------------------------------
CLK = 778
--------------------------------
CLK = 779
--------------------------------
CLK = 780
--------------------------------
CLK = 781
--------------------------------
CLK = 782
--------------------------------
CLK = 783
--------------------------------
CLK = 784
--------------------------------
CLK = 785
--------------------------------
CLK = 786
--------------------------------
CLK = 787
--------------------------------
CLK = 788
--------------------------------
CLK = 789
--------------------------------
CLK = 790
--------------------------------
CLK = 791
--------------------------------
CLK = 792
--------------------------------
CLK = 793
--------------------------------
CLK = 794
--------------------------------
CLK = 795
--------------------------------
CLK = 796
--------------------------------
CLK = 797
--------------------------------
CLK = 798
--------------------------------
CLK = 799
--------------------------------
CLK = 800
--------------------------------
CLK = 801
--------------------------------
CLK = 802
--------------------------------
CLK = 803
--------------------------------
CLK = 804
--------------------------------
CLK = 805
--------------------------------
CLK = 806
--------------------------------
CLK = 807
--------------------------------
CLK = 808
--------------------------------
CLK = 809
--------------------------------
CLK = 810
--------------------------------
CLK = 811
--------------------------------
CLK = 812
--------------------------------
CLK = 813
--------------------------------
CLK = 814
--------------------------------
CLK = 815
--------------------------------
CLK = 816
--------------------------------
CLK = 817
--------------------------------
CLK = 818
--------------------------------
CLK = 819
--------------------------------
CLK = 820
--------------------------------
CLK = 821
--------------------------------
CLK = 822
--------------------------------
CLK = 823
--------------------------------
CLK = 824
--------------------------------
CLK = 825
--------------------------------
CLK = 826
--------------------------------
CLK = 827
--------------------------------
CLK = 828
--------------------------------
CLK = 829
--------------------------------
CLK = 830
--------------------------------
CLK = 831
--------------------------------
CLK = 832
--------------------------------
CLK = 833
--------------------------------
CLK = 834
--------------------------------
CLK = 835
--------------------------------
CLK = 836
--------------------------------
CLK = 837
--------------------------------
CLK = 838
--------------------------------
CLK = 839
--------------------------------
CLK = 840
--------------------------------
CLK = 841
--------------------------------
CLK = 842
--------------------------------
CLK = 843
--------------------------------
CLK = 844
--------------------------------
CLK = 845
--------------------------------
CLK = 846
--------------------------------
CLK = 847
--------------------------------
CLK = 848
--------------------------------
CLK = 849
--------------------------------
CLK = 850
--------------------------------
CLK = 851
--------------------------------
CLK = 852
--------------------------------
CLK = 853
--------------------------------
CLK = 854
--------------------------------
CLK = 855
--------------------------------
CLK = 856
--------------------------------
CLK = 857
--------------------------------
CLK = 858
--------------------------------
CLK = 859
--------------------------------
CLK = 860
--------------------------------
CLK = 861
--------------------------------
CLK = 862
--------------------------------
CLK = 863
--------------------------------
CLK = 864
--------------------------------
CLK = 865
--------------------------------
CLK = 866
--------------------------------
CLK = 867
--------------------------------
CLK = 868
--------------------------------
CLK = 869
--------------------------------
CLK = 870
--------------------------------
CLK = 871
--------------------------------
CLK = 872
--------------------------------
CLK = 873
--------------------------------
CLK = 874
--------------------------------
CLK = 875
--------------------------------
CLK = 876
--------------------------------
CLK = 877
--------------------------------
CLK = 878
--------------------------------
CLK = 879
--------------------------------
CLK = 880
--------------------------------
CLK = 881
--------------------------------
CLK = 882
--------------------------------
CLK = 883
--------------------------------
CLK = 884
--------------------------------
CLK = 885
--------------------------------
CLK = 886
--------------------------------
CLK = 887
--------------------------------
CLK = 888
--------------------------------
CLK = 889
--------------------------------
CLK = 890
--------------------------------
CLK = 891
--------------------------------
CLK = 892
--------------------------------
CLK = 893
--------------------------------
CLK = 894
--------------------------------
CLK = 895
--------------------------------
CLK = 896
--------------------------------
CLK = 897
--------------------------------
CLK = 898
--------------------------------
CLK = 899
--------------------------------
CLK = 900
--------------------------------
CLK = 901
--------------------------------
CLK = 902
--------------------------------
CLK = 903
--------------------------------
CLK = 904
--------------------------------
CLK = 905
--------------------------------
CLK = 906
--------------------------------
CLK = 907
--------------------------------
CLK = 908
--------------------------------
CLK = 909
--------------------------------
CLK = 910
--------------------------------
CLK = 911
--------------------------------
CLK = 912
--------------------------------
CLK = 913
--------------------------------
CLK = 914
--------------------------------
CLK = 915
--------------------------------
CLK = 916
--------------------------------
CLK = 917
--------------------------------
CLK = 918
--------------------------------
CLK = 919
--------------------------------
CLK = 920
--------------------------------
CLK = 921
--------------------------------
CLK = 922
--------------------------------
CLK = 923
--------------------------------
CLK = 924
--------------------------------
CLK = 925
--------------------------------
CLK = 926
--------------------------------
CLK = 927
--------------------------------
CLK = 928
--------------------------------
CLK = 929
--------------------------------
CLK = 930
--------------------------------
CLK = 931
--------------------------------
CLK = 932
--------------------------------
CLK = 933
--------------------------------
CLK = 934
--------------------------------
CLK = 935
--------------------------------
CLK = 936
--------------------------------
CLK = 937
--------------------------------
CLK = 938
--------------------------------
CLK = 939
--------------------------------
CLK = 940
--------------------------------
CLK = 941
--------------------------------
CLK = 942
--------------------------------
CLK = 943
--------------------------------
CLK = 944
--------------------------------
CLK = 945
--------------------------------
CLK = 946
--------------------------------
CLK = 947
--------------------------------
CLK = 948
--------------------------------
CLK = 949
--------------------------------
CLK = 950
--------------------------------
CLK = 951
--------------------------------
CLK = 952
--------------------------------
CLK = 953
--------------------------------
CLK = 954
--------------------------------
CLK = 955
--------------------------------
CLK = 956
--------------------------------
CLK = 957
--------------------------------
CLK = 958
--------------------------------
CLK = 959
--------------------------------
CLK = 960
--------------------------------
CLK = 961
--------------------------------
CLK = 962
--------------------------------
CLK = 963
--------------------------------
CLK = 964
--------------------------------
CLK = 965
--------------------------------
CLK = 966
--------------------------------
CLK = 967
--------------------------------
CLK = 968
--------------------------------
CLK = 969
--------------------------------
CLK = 970
--------------------------------
CLK = 971
--------------------------------
CLK = 972
--------------------------------
CLK = 973
--------------------------------
CLK = 974
--------------------------------
CLK = 975
--------------------------------
CLK = 976
--------------------------------
CLK = 977
--------------------------------
CLK = 978
--------------------------------
CLK = 979
--------------------------------
CLK = 980
--------------------------------
CLK = 981
--------------------------------
CLK = 982
--------------------------------
CLK = 983
--------------------------------
CLK = 984
--------------------------------
CLK = 985
--------------------------------
CLK = 986
--------------------------------
CLK = 987
--------------------------------
CLK = 988
--------------------------------
CLK = 989
--------------------------------
CLK = 990
--------------------------------
CLK = 991
--------------------------------
CLK = 992
--------------------------------
CLK = 993
--------------------------------
CLK = 994
--------------------------------
CLK = 995
--------------------------------
CLK = 996
--------------------------------
CLK = 997
--------------------------------
CLK = 998
--------------------------------
CLK = 999
--------------------------------
